<?xml version="1.0" encoding="UTF-8"?>
<!-- Generated by org.testng.reporters.JUnitReportReporter -->
<testsuite hostname="LAPTOP-V428NC16" failures="0" tests="1" name="com.crm.comcast.OrganisationTest.TC_43_CreateOrganizationWithTeamSelling" time="165.817" errors="0" timestamp="2021-06-11T09:32:34 IST" skipped="0">
  <testcase classname="com.crm.comcast.OrganisationTest.TC_43_CreateOrganizationWithTeamSelling" name="createOrganization" time="165.817"/>
  <system-out/>
</testsuite> <!-- com.crm.comcast.OrganisationTest.TC_43_CreateOrganizationWithTeamSelling -->
