<?xml version="1.0" encoding="UTF-8"?>
<!-- Generated by org.testng.reporters.JUnitReportReporter -->
<testsuite hostname="LAPTOP-V428NC16" failures="0" tests="1" name="com.crm.comcast.Practice.DynamicWebTablePrintAllOrganizationNames" time="97.871" errors="0" timestamp="2021-06-09T21:06:19 IST" skipped="0">
  <testcase classname="com.crm.comcast.Practice.DynamicWebTablePrintAllOrganizationNames" name="PrintAllOrganizationNames" time="97.871"/>
  <system-out/>
</testsuite> <!-- com.crm.comcast.Practice.DynamicWebTablePrintAllOrganizationNames -->
