<?xml version="1.0" encoding="UTF-8"?>
<!-- Generated by org.testng.reporters.JUnitReportReporter -->
<testsuite hostname="LAPTOP-V428NC16" failures="0" tests="1" name="com.crm.comcast.Practice.DynamicWebTableSearchSkillraryAndDel" time="104.002" errors="0" timestamp="2021-06-09T20:20:15 IST" skipped="0">
  <testcase classname="com.crm.comcast.Practice.DynamicWebTableSearchSkillraryAndDel" name="createOrganization" time="104.002"/>
  <system-out/>
</testsuite> <!-- com.crm.comcast.Practice.DynamicWebTableSearchSkillraryAndDel -->
