<?xml version="1.0" encoding="UTF-8"?>
<!-- Generated by org.testng.reporters.JUnitReportReporter -->
<testsuite hostname="LAPTOP-V428NC16" failures="0" tests="1" name="com.crm.comcast.OrganisationTest.TC_45_CreateOrganizationWithoutNotifyOwner" time="133.781" errors="0" timestamp="2021-06-08T13:51:22 IST" skipped="0">
  <testcase classname="com.crm.comcast.OrganisationTest.TC_45_CreateOrganizationWithoutNotifyOwner" name="createOrganization" time="133.781"/>
  <system-out/>
</testsuite> <!-- com.crm.comcast.OrganisationTest.TC_45_CreateOrganizationWithoutNotifyOwner -->
