<?xml version="1.0" encoding="UTF-8"?>
<!-- Generated by org.testng.reporters.JUnitReportReporter -->
<testsuite hostname="LAPTOP-V428NC16" failures="0" tests="1" name="com.crm.comcast.Practice.DynamicWebTableSelectLastbutOneCB" time="98.224" errors="0" timestamp="2021-06-09T21:01:49 IST" skipped="0">
  <testcase classname="com.crm.comcast.Practice.DynamicWebTableSelectLastbutOneCB" name="selectLastButOneCB" time="98.224"/>
  <system-out/>
</testsuite> <!-- com.crm.comcast.Practice.DynamicWebTableSelectLastbutOneCB -->
