<?xml version="1.0" encoding="UTF-8"?>
<!-- Generated by org.testng.reporters.JUnitReportReporter -->
<testsuite hostname="LAPTOP-V428NC16" failures="0" tests="1" name="com.crm.comcast.Practice.DynamicWebTableSelectFist5CB" time="110.683" errors="0" timestamp="2021-06-09T19:26:24 IST" skipped="0">
  <testcase classname="com.crm.comcast.Practice.DynamicWebTableSelectFist5CB" name="createOrganization" time="110.683"/>
  <system-out/>
</testsuite> <!-- com.crm.comcast.Practice.DynamicWebTableSelectFist5CB -->
