<?xml version="1.0" encoding="UTF-8"?>
<!-- Generated by org.testng.reporters.JUnitReportReporter -->
<testsuite hostname="LAPTOP-V428NC16" failures="0" tests="1" name="com.crm.comcast.Practice.CO2" time="243.644" errors="0" timestamp="2021-06-07T22:33:02 IST" skipped="0">
  <testcase classname="com.crm.comcast.Practice.CO2" name="createOrg" time="243.644"/>
  <system-out/>
</testsuite> <!-- com.crm.comcast.Practice.CO2 -->
