<?xml version="1.0" encoding="UTF-8"?>
<!-- Generated by org.testng.reporters.JUnitReportReporter -->
<testsuite hostname="LAPTOP-V428NC16" failures="0" tests="1" name="com.crm.comcast.Practice.DynamicWebTableSelectAllCB" time="197.489" errors="0" timestamp="2021-06-09T19:16:56 IST" skipped="0">
  <testcase classname="com.crm.comcast.Practice.DynamicWebTableSelectAllCB" name="createOrganization" time="197.489"/>
  <system-out/>
</testsuite> <!-- com.crm.comcast.Practice.DynamicWebTableSelectAllCB -->
