<?xml version="1.0" encoding="UTF-8"?>
<!-- Generated by org.testng.reporters.JUnitReportReporter -->
<testsuite hostname="LAPTOP-V428NC16" failures="0" tests="1" name="com.crm.comcast.Practice.DynamicwebTableSelectThirdRowCB" time="131.616" errors="0" timestamp="2021-06-09T20:50:37 IST" skipped="0">
  <testcase classname="com.crm.comcast.Practice.DynamicwebTableSelectThirdRowCB" name="createOrganization" time="131.616"/>
  <system-out/>
</testsuite> <!-- com.crm.comcast.Practice.DynamicwebTableSelectThirdRowCB -->
