<?xml version="1.0" encoding="UTF-8"?>
<!-- Generated by org.testng.reporters.JUnitReportReporter -->
<testsuite hostname="LAPTOP-V428NC16" failures="0" tests="1" name="com.crm.comcast.OrganisationTest.TC_41_SearchOrganizationTest" time="112.638" errors="0" timestamp="2021-06-12T16:16:56 IST" skipped="0">
  <testcase classname="com.crm.comcast.OrganisationTest.TC_41_SearchOrganizationTest" name="searchOrganization" time="112.638"/>
  <system-out/>
</testsuite> <!-- com.crm.comcast.OrganisationTest.TC_41_SearchOrganizationTest -->
