<?xml version="1.0" encoding="UTF-8"?>
<!-- Generated by org.testng.reporters.JUnitReportReporter -->
<testsuite hostname="LAPTOP-V428NC16" failures="0" tests="1" name="com.crm.comcast.Practice.DemoReadJson" time="0.123" errors="0" timestamp="2021-06-04T17:59:16 IST" skipped="0">
  <testcase classname="com.crm.comcast.Practice.DemoReadJson" name="readJson" time="0.123"/>
  <system-out/>
</testsuite> <!-- com.crm.comcast.Practice.DemoReadJson -->
