<?xml version="1.0" encoding="UTF-8"?>
<!-- Generated by org.testng.reporters.JUnitReportReporter -->
<testsuite hostname="LAPTOP-V428NC16" failures="0" tests="1" name="com.crm.comcast.Practice.DynamicWebTable" time="77.821" errors="0" timestamp="2021-06-09T16:26:52 IST" skipped="0">
  <testcase classname="com.crm.comcast.Practice.DynamicWebTable" name="createOrganization" time="77.821"/>
  <system-out/>
</testsuite> <!-- com.crm.comcast.Practice.DynamicWebTable -->
