<?xml version="1.0" encoding="UTF-8"?>
<!-- Generated by org.testng.reporters.JUnitReportReporter -->
<testsuite hostname="LAPTOP-V428NC16" failures="0" tests="1" name="com.crm.comcast.OrganisationTest.TC_44_CreateOrganizationWithoutEmailOptOutput" time="172.806" errors="0" timestamp="2021-06-08T13:43:29 IST" skipped="0">
  <testcase classname="com.crm.comcast.OrganisationTest.TC_44_CreateOrganizationWithoutEmailOptOutput" name="createOrganization" time="172.806"/>
  <system-out/>
</testsuite> <!-- com.crm.comcast.OrganisationTest.TC_44_CreateOrganizationWithoutEmailOptOutput -->
