<?xml version="1.0" encoding="UTF-8"?>
<!-- Generated by org.testng.reporters.JUnitReportReporter -->
<testsuite hostname="LAPTOP-V428NC16" failures="0" tests="1" name="com.crm.comcast.Practice.CreateOrganizationTest" time="168.546" errors="0" timestamp="2021-06-12T11:54:36 IST" skipped="0">
  <testcase classname="com.crm.comcast.Practice.CreateOrganizationTest" name="createOrganization" time="168.546"/>
  <system-out/>
</testsuite> <!-- com.crm.comcast.Practice.CreateOrganizationTest -->
